<?xml version="1.0" encoding="UTF-8"?>
<!-- Generated by org.testng.reporters.JUnitXMLReporter -->
<testsuite hostname="DESKTOP-L196VMO" name="Default test" tests="3" failures="0" timestamp="7 Nov 2018 19:22:39 GMT" time="2.769" errors="0">
  <testcase name="createBatch" time="2.512" classname="serviceTesting.BatchTesting"/>
  <testcase name="getAllBatches" time="0.124" classname="serviceTesting.BatchTesting"/>
  <testcase name="updateBatch" time="0.12" classname="serviceTesting.BatchTesting"/>
</testsuite> <!-- Default test -->
